build/app/intermediates/manifest_merge_blame_file/release/manifest-merger-blame-release-report.txt
1<?xml version="1.0" encoding="utf-8"?>
2<manifest xmlns:android="http://schemas.android.com/apk/res/android"
3    package="com.nsini.oro.app"
4    android:versionCode="2"
5    android:versionName="1.0.0" >
6
7    <uses-sdk
8        android:minSdkVersion="21"
8-->src/main/AndroidManifest.xml
9        android:targetSdkVersion="34" />
9-->src/main/AndroidManifest.xml
10    <!--
11         io.flutter.app.FlutterApplication is an android.app.Application that
12         calls FlutterMain.startInitialization(this); in its onCreate method.
13         In most cases you can leave this as-is, but you if you want to provide
14         additional functionality it is fine to subclass or reimplement
15         FlutterApplication and put your custom class here.
16    -->
17    <uses-permission android:name="android.permission.INTERNET" />
17-->src/main/AndroidManifest.xml:8:5-67
17-->src/main/AndroidManifest.xml:8:22-64
18    <uses-permission android:name="android.permission.WRITE_EXTERNAL_STORAGE" />
18-->src/main/AndroidManifest.xml:9:5-80
18-->src/main/AndroidManifest.xml:9:22-78
19    <!-- See https://developer.android.com/training/package-visibility -->
20    <queries>
20-->[:flutter_downloader] AndroidManifest.xml:10:5-14:15
21        <intent>
21-->[:flutter_downloader] AndroidManifest.xml:11:9-13:18
22            <action android:name="android.intent.action.VIEW" />
22-->[:flutter_downloader] AndroidManifest.xml:12:13-65
22-->[:flutter_downloader] AndroidManifest.xml:12:21-62
23        </intent>
24    </queries>
25
26    <uses-permission android:name="android.permission.POST_NOTIFICATIONS" />
26-->[:flutter_downloader] AndroidManifest.xml:16:5-77
26-->[:flutter_downloader] AndroidManifest.xml:16:22-74
27    <uses-permission android:name="android.permission.WAKE_LOCK" />
27-->[androidx.work:work-runtime:2.7.1] AndroidManifest.xml:25:5-68
27-->[androidx.work:work-runtime:2.7.1] AndroidManifest.xml:25:22-65
28    <uses-permission android:name="android.permission.ACCESS_NETWORK_STATE" />
28-->[androidx.work:work-runtime:2.7.1] AndroidManifest.xml:26:5-79
28-->[androidx.work:work-runtime:2.7.1] AndroidManifest.xml:26:22-76
29    <uses-permission android:name="android.permission.RECEIVE_BOOT_COMPLETED" />
29-->[androidx.work:work-runtime:2.7.1] AndroidManifest.xml:27:5-81
29-->[androidx.work:work-runtime:2.7.1] AndroidManifest.xml:27:22-78
30    <uses-permission android:name="android.permission.FOREGROUND_SERVICE" />
30-->[androidx.work:work-runtime:2.7.1] AndroidManifest.xml:28:5-77
30-->[androidx.work:work-runtime:2.7.1] AndroidManifest.xml:28:22-74
31
32    <permission
32-->[androidx.core:core:1.12.0] AndroidManifest.xml:22:5-24:47
33        android:name="com.nsini.oro.app.DYNAMIC_RECEIVER_NOT_EXPORTED_PERMISSION"
33-->[androidx.core:core:1.12.0] AndroidManifest.xml:23:9-81
34        android:protectionLevel="signature" />
34-->[androidx.core:core:1.12.0] AndroidManifest.xml:24:9-44
35
36    <uses-permission android:name="com.nsini.oro.app.DYNAMIC_RECEIVER_NOT_EXPORTED_PERMISSION" />
36-->[androidx.core:core:1.12.0] AndroidManifest.xml:26:5-97
36-->[androidx.core:core:1.12.0] AndroidManifest.xml:26:22-94
37
38    <application
38-->src/main/AndroidManifest.xml:10:5-50:19
39        android:appComponentFactory="androidx.core.app.CoreComponentFactory"
39-->[androidx.core:core:1.12.0] AndroidManifest.xml:28:18-86
40        android:enableOnBackInvokedCallback="true"
40-->src/main/AndroidManifest.xml:12:9-51
41        android:icon="@mipmap/ic_launcher"
41-->src/main/AndroidManifest.xml:13:9-43
42        android:label="Nsini Oro" >
42-->src/main/AndroidManifest.xml:11:9-34
43        <activity
43-->src/main/AndroidManifest.xml:14:9-43:20
44            android:name="com.nsini.oro.app.MainActivity"
44-->src/main/AndroidManifest.xml:15:13-41
45            android:configChanges="orientation|keyboardHidden|keyboard|screenSize|smallestScreenSize|locale|layoutDirection|fontScale|screenLayout|density|uiMode"
45-->src/main/AndroidManifest.xml:18:13-163
46            android:exported="true"
46-->src/main/AndroidManifest.xml:20:13-36
47            android:hardwareAccelerated="true"
47-->src/main/AndroidManifest.xml:19:13-47
48            android:launchMode="singleTop"
48-->src/main/AndroidManifest.xml:16:13-43
49            android:theme="@style/LaunchTheme"
49-->src/main/AndroidManifest.xml:17:13-47
50            android:windowSoftInputMode="adjustResize" >
50-->src/main/AndroidManifest.xml:21:13-55
51
52            <!--
53                 Specifies an Android theme to apply to this Activity as soon as
54                 the Android process has started. This theme is visible to the user
55                 while the Flutter UI initializes. After that, this theme continues
56                 to determine the Window background behind the Flutter UI.
57            -->
58            <meta-data
58-->src/main/AndroidManifest.xml:26:13-29:17
59                android:name="io.flutter.embedding.android.NormalTheme"
59-->src/main/AndroidManifest.xml:27:15-70
60                android:resource="@style/NormalTheme" />
60-->src/main/AndroidManifest.xml:28:15-52
61            <!--
62                 Displays an Android View that continues showing the launch screen
63                 Drawable until Flutter paints its first frame, then this splash
64                 screen fades out. A splash screen is useful to avoid any visual
65                 gap between the end of Android's launch screen and the painting of
66                 Flutter's first frame.
67            -->
68            <meta-data
68-->src/main/AndroidManifest.xml:35:13-38:17
69                android:name="io.flutter.embedding.android.SplashScreenDrawable"
69-->src/main/AndroidManifest.xml:36:15-79
70                android:resource="@drawable/launch_background" />
70-->src/main/AndroidManifest.xml:37:15-61
71
72            <intent-filter>
72-->src/main/AndroidManifest.xml:39:13-42:29
73                <action android:name="android.intent.action.MAIN" />
73-->src/main/AndroidManifest.xml:40:17-68
73-->src/main/AndroidManifest.xml:40:25-66
74
75                <category android:name="android.intent.category.LAUNCHER" />
75-->src/main/AndroidManifest.xml:41:17-76
75-->src/main/AndroidManifest.xml:41:27-74
76            </intent-filter>
77        </activity>
78        <!--
79             Don't delete the meta-data below.
80             This is used by the Flutter tool to generate GeneratedPluginRegistrant.java
81        -->
82        <meta-data
82-->src/main/AndroidManifest.xml:46:9-48:33
83            android:name="flutterEmbedding"
83-->src/main/AndroidManifest.xml:47:13-44
84            android:value="2" />
84-->src/main/AndroidManifest.xml:48:13-30
85
86        <activity
86-->[:flutter_paystack] AndroidManifest.xml:10:9-12:54
87            android:name="co.paystack.flutterpaystack.AuthActivity"
87-->[:flutter_paystack] AndroidManifest.xml:11:13-68
88            android:theme="@style/Paystack.Dialog" />
88-->[:flutter_paystack] AndroidManifest.xml:12:13-51
89
90        <provider
90-->[:flutter_email_sender] AndroidManifest.xml:10:9-18:20
91            android:name="com.sidlatau.flutteremailsender.FlutterEmailSenderFileProvider"
91-->[:flutter_email_sender] AndroidManifest.xml:11:13-90
92            android:authorities="com.nsini.oro.app.file_provider"
92-->[:flutter_email_sender] AndroidManifest.xml:12:13-65
93            android:exported="false"
93-->[:flutter_email_sender] AndroidManifest.xml:13:13-37
94            android:grantUriPermissions="true" >
94-->[:flutter_email_sender] AndroidManifest.xml:14:13-47
95            <meta-data
95-->[:flutter_email_sender] AndroidManifest.xml:15:13-17:61
96                android:name="android.support.FILE_PROVIDER_PATHS"
96-->[:flutter_email_sender] AndroidManifest.xml:16:17-67
97                android:resource="@xml/shared_file_paths" />
97-->[:flutter_email_sender] AndroidManifest.xml:17:17-58
98        </provider>
99        <provider
99-->[:image_picker_android] AndroidManifest.xml:10:9-18:20
100            android:name="io.flutter.plugins.imagepicker.ImagePickerFileProvider"
100-->[:image_picker_android] AndroidManifest.xml:11:13-82
101            android:authorities="com.nsini.oro.app.flutter.image_provider"
101-->[:image_picker_android] AndroidManifest.xml:12:13-74
102            android:exported="false"
102-->[:image_picker_android] AndroidManifest.xml:13:13-37
103            android:grantUriPermissions="true" >
103-->[:image_picker_android] AndroidManifest.xml:14:13-47
104            <meta-data
104-->[:flutter_email_sender] AndroidManifest.xml:15:13-17:61
105                android:name="android.support.FILE_PROVIDER_PATHS"
105-->[:flutter_email_sender] AndroidManifest.xml:16:17-67
106                android:resource="@xml/flutter_image_picker_file_paths" />
106-->[:flutter_email_sender] AndroidManifest.xml:17:17-58
107        </provider>
108
109        <activity
109-->[:url_launcher_android] AndroidManifest.xml:10:9-13:74
110            android:name="io.flutter.plugins.urllauncher.WebViewActivity"
110-->[:url_launcher_android] AndroidManifest.xml:11:13-74
111            android:exported="false"
111-->[:url_launcher_android] AndroidManifest.xml:12:13-37
112            android:theme="@android:style/Theme.NoTitleBar.Fullscreen" />
112-->[:url_launcher_android] AndroidManifest.xml:13:13-71
113
114        <provider
114-->[:share] AndroidManifest.xml:10:9-18:20
115            android:name="io.flutter.plugins.share.ShareFileProvider"
115-->[:share] AndroidManifest.xml:11:13-70
116            android:authorities="com.nsini.oro.app.flutter.share_provider"
116-->[:share] AndroidManifest.xml:12:13-74
117            android:exported="false"
117-->[:share] AndroidManifest.xml:13:13-37
118            android:grantUriPermissions="true" >
118-->[:share] AndroidManifest.xml:14:13-47
119            <meta-data
119-->[:flutter_email_sender] AndroidManifest.xml:15:13-17:61
120                android:name="android.support.FILE_PROVIDER_PATHS"
120-->[:flutter_email_sender] AndroidManifest.xml:16:17-67
121                android:resource="@xml/flutter_share_file_paths" />
121-->[:flutter_email_sender] AndroidManifest.xml:17:17-58
122        </provider>
123
124        <activity
124-->[com.google.android.gms:play-services-auth:20.7.0] AndroidManifest.xml:23:9-27:75
125            android:name="com.google.android.gms.auth.api.signin.internal.SignInHubActivity"
125-->[com.google.android.gms:play-services-auth:20.7.0] AndroidManifest.xml:24:13-93
126            android:excludeFromRecents="true"
126-->[com.google.android.gms:play-services-auth:20.7.0] AndroidManifest.xml:25:13-46
127            android:exported="false"
127-->[com.google.android.gms:play-services-auth:20.7.0] AndroidManifest.xml:26:13-37
128            android:theme="@android:style/Theme.Translucent.NoTitleBar" />
128-->[com.google.android.gms:play-services-auth:20.7.0] AndroidManifest.xml:27:13-72
129        <!--
130            Service handling Google Sign-In user revocation. For apps that do not integrate with
131            Google Sign-In, this service will never be started.
132        -->
133        <service
133-->[com.google.android.gms:play-services-auth:20.7.0] AndroidManifest.xml:33:9-37:51
134            android:name="com.google.android.gms.auth.api.signin.RevocationBoundService"
134-->[com.google.android.gms:play-services-auth:20.7.0] AndroidManifest.xml:34:13-89
135            android:exported="true"
135-->[com.google.android.gms:play-services-auth:20.7.0] AndroidManifest.xml:35:13-36
136            android:permission="com.google.android.gms.auth.api.signin.permission.REVOCATION_NOTIFICATION"
136-->[com.google.android.gms:play-services-auth:20.7.0] AndroidManifest.xml:36:13-107
137            android:visibleToInstantApps="true" />
137-->[com.google.android.gms:play-services-auth:20.7.0] AndroidManifest.xml:37:13-48
138
139        <activity
139-->[com.google.android.gms:play-services-base:18.0.1] AndroidManifest.xml:20:9-22:45
140            android:name="com.google.android.gms.common.api.GoogleApiActivity"
140-->[com.google.android.gms:play-services-base:18.0.1] AndroidManifest.xml:20:19-85
141            android:exported="false"
141-->[com.google.android.gms:play-services-base:18.0.1] AndroidManifest.xml:22:19-43
142            android:theme="@android:style/Theme.Translucent.NoTitleBar" />
142-->[com.google.android.gms:play-services-base:18.0.1] AndroidManifest.xml:21:19-78
143
144        <meta-data
144-->[com.google.android.gms:play-services-basement:18.2.0] AndroidManifest.xml:21:9-23:69
145            android:name="com.google.android.gms.version"
145-->[com.google.android.gms:play-services-basement:18.2.0] AndroidManifest.xml:22:13-58
146            android:value="@integer/google_play_services_version" />
146-->[com.google.android.gms:play-services-basement:18.2.0] AndroidManifest.xml:23:13-66
147
148        <provider
148-->[androidx.work:work-runtime:2.7.1] AndroidManifest.xml:31:9-39:20
149            android:name="androidx.startup.InitializationProvider"
149-->[androidx.work:work-runtime:2.7.1] AndroidManifest.xml:32:13-67
150            android:authorities="com.nsini.oro.app.androidx-startup"
150-->[androidx.work:work-runtime:2.7.1] AndroidManifest.xml:33:13-68
151            android:exported="false" >
151-->[androidx.work:work-runtime:2.7.1] AndroidManifest.xml:34:13-37
152            <meta-data
152-->[androidx.work:work-runtime:2.7.1] AndroidManifest.xml:36:13-38:52
153                android:name="androidx.work.WorkManagerInitializer"
153-->[androidx.work:work-runtime:2.7.1] AndroidManifest.xml:37:17-68
154                android:value="androidx.startup" />
154-->[androidx.work:work-runtime:2.7.1] AndroidManifest.xml:38:17-49
155            <meta-data
155-->[androidx.emoji2:emoji2:1.2.0] AndroidManifest.xml:29:13-31:52
156                android:name="androidx.emoji2.text.EmojiCompatInitializer"
156-->[androidx.emoji2:emoji2:1.2.0] AndroidManifest.xml:30:17-75
157                android:value="androidx.startup" />
157-->[androidx.emoji2:emoji2:1.2.0] AndroidManifest.xml:31:17-49
158            <meta-data
158-->[androidx.lifecycle:lifecycle-process:2.6.1] AndroidManifest.xml:29:13-31:52
159                android:name="androidx.lifecycle.ProcessLifecycleInitializer"
159-->[androidx.lifecycle:lifecycle-process:2.6.1] AndroidManifest.xml:30:17-78
160                android:value="androidx.startup" />
160-->[androidx.lifecycle:lifecycle-process:2.6.1] AndroidManifest.xml:31:17-49
161            <meta-data
161-->[androidx.profileinstaller:profileinstaller:1.3.0] AndroidManifest.xml:29:13-31:52
162                android:name="androidx.profileinstaller.ProfileInstallerInitializer"
162-->[androidx.profileinstaller:profileinstaller:1.3.0] AndroidManifest.xml:30:17-85
163                android:value="androidx.startup" />
163-->[androidx.profileinstaller:profileinstaller:1.3.0] AndroidManifest.xml:31:17-49
164        </provider>
165
166        <service
166-->[androidx.work:work-runtime:2.7.1] AndroidManifest.xml:41:9-46:35
167            android:name="androidx.work.impl.background.systemalarm.SystemAlarmService"
167-->[androidx.work:work-runtime:2.7.1] AndroidManifest.xml:42:13-88
168            android:directBootAware="false"
168-->[androidx.work:work-runtime:2.7.1] AndroidManifest.xml:43:13-44
169            android:enabled="@bool/enable_system_alarm_service_default"
169-->[androidx.work:work-runtime:2.7.1] AndroidManifest.xml:44:13-72
170            android:exported="false" />
170-->[androidx.work:work-runtime:2.7.1] AndroidManifest.xml:45:13-37
171        <service
171-->[androidx.work:work-runtime:2.7.1] AndroidManifest.xml:47:9-53:35
172            android:name="androidx.work.impl.background.systemjob.SystemJobService"
172-->[androidx.work:work-runtime:2.7.1] AndroidManifest.xml:48:13-84
173            android:directBootAware="false"
173-->[androidx.work:work-runtime:2.7.1] AndroidManifest.xml:49:13-44
174            android:enabled="@bool/enable_system_job_service_default"
174-->[androidx.work:work-runtime:2.7.1] AndroidManifest.xml:50:13-70
175            android:exported="true"
175-->[androidx.work:work-runtime:2.7.1] AndroidManifest.xml:51:13-36
176            android:permission="android.permission.BIND_JOB_SERVICE" />
176-->[androidx.work:work-runtime:2.7.1] AndroidManifest.xml:52:13-69
177        <service
177-->[androidx.work:work-runtime:2.7.1] AndroidManifest.xml:54:9-59:35
178            android:name="androidx.work.impl.foreground.SystemForegroundService"
178-->[androidx.work:work-runtime:2.7.1] AndroidManifest.xml:55:13-81
179            android:directBootAware="false"
179-->[androidx.work:work-runtime:2.7.1] AndroidManifest.xml:56:13-44
180            android:enabled="@bool/enable_system_foreground_service_default"
180-->[androidx.work:work-runtime:2.7.1] AndroidManifest.xml:57:13-77
181            android:exported="false" />
181-->[androidx.work:work-runtime:2.7.1] AndroidManifest.xml:58:13-37
182
183        <receiver
183-->[androidx.work:work-runtime:2.7.1] AndroidManifest.xml:61:9-66:35
184            android:name="androidx.work.impl.utils.ForceStopRunnable$BroadcastReceiver"
184-->[androidx.work:work-runtime:2.7.1] AndroidManifest.xml:62:13-88
185            android:directBootAware="false"
185-->[androidx.work:work-runtime:2.7.1] AndroidManifest.xml:63:13-44
186            android:enabled="true"
186-->[androidx.work:work-runtime:2.7.1] AndroidManifest.xml:64:13-35
187            android:exported="false" />
187-->[androidx.work:work-runtime:2.7.1] AndroidManifest.xml:65:13-37
188        <receiver
188-->[androidx.work:work-runtime:2.7.1] AndroidManifest.xml:67:9-77:20
189            android:name="androidx.work.impl.background.systemalarm.ConstraintProxy$BatteryChargingProxy"
189-->[androidx.work:work-runtime:2.7.1] AndroidManifest.xml:68:13-106
190            android:directBootAware="false"
190-->[androidx.work:work-runtime:2.7.1] AndroidManifest.xml:69:13-44
191            android:enabled="false"
191-->[androidx.work:work-runtime:2.7.1] AndroidManifest.xml:70:13-36
192            android:exported="false" >
192-->[androidx.work:work-runtime:2.7.1] AndroidManifest.xml:71:13-37
193            <intent-filter>
193-->[androidx.work:work-runtime:2.7.1] AndroidManifest.xml:73:13-76:29
194                <action android:name="android.intent.action.ACTION_POWER_CONNECTED" />
194-->[androidx.work:work-runtime:2.7.1] AndroidManifest.xml:74:17-87
194-->[androidx.work:work-runtime:2.7.1] AndroidManifest.xml:74:25-84
195                <action android:name="android.intent.action.ACTION_POWER_DISCONNECTED" />
195-->[androidx.work:work-runtime:2.7.1] AndroidManifest.xml:75:17-90
195-->[androidx.work:work-runtime:2.7.1] AndroidManifest.xml:75:25-87
196            </intent-filter>
197        </receiver>
198        <receiver
198-->[androidx.work:work-runtime:2.7.1] AndroidManifest.xml:78:9-88:20
199            android:name="androidx.work.impl.background.systemalarm.ConstraintProxy$BatteryNotLowProxy"
199-->[androidx.work:work-runtime:2.7.1] AndroidManifest.xml:79:13-104
200            android:directBootAware="false"
200-->[androidx.work:work-runtime:2.7.1] AndroidManifest.xml:80:13-44
201            android:enabled="false"
201-->[androidx.work:work-runtime:2.7.1] AndroidManifest.xml:81:13-36
202            android:exported="false" >
202-->[androidx.work:work-runtime:2.7.1] AndroidManifest.xml:82:13-37
203            <intent-filter>
203-->[androidx.work:work-runtime:2.7.1] AndroidManifest.xml:84:13-87:29
204                <action android:name="android.intent.action.BATTERY_OKAY" />
204-->[androidx.work:work-runtime:2.7.1] AndroidManifest.xml:85:17-77
204-->[androidx.work:work-runtime:2.7.1] AndroidManifest.xml:85:25-74
205                <action android:name="android.intent.action.BATTERY_LOW" />
205-->[androidx.work:work-runtime:2.7.1] AndroidManifest.xml:86:17-76
205-->[androidx.work:work-runtime:2.7.1] AndroidManifest.xml:86:25-73
206            </intent-filter>
207        </receiver>
208        <receiver
208-->[androidx.work:work-runtime:2.7.1] AndroidManifest.xml:89:9-99:20
209            android:name="androidx.work.impl.background.systemalarm.ConstraintProxy$StorageNotLowProxy"
209-->[androidx.work:work-runtime:2.7.1] AndroidManifest.xml:90:13-104
210            android:directBootAware="false"
210-->[androidx.work:work-runtime:2.7.1] AndroidManifest.xml:91:13-44
211            android:enabled="false"
211-->[androidx.work:work-runtime:2.7.1] AndroidManifest.xml:92:13-36
212            android:exported="false" >
212-->[androidx.work:work-runtime:2.7.1] AndroidManifest.xml:93:13-37
213            <intent-filter>
213-->[androidx.work:work-runtime:2.7.1] AndroidManifest.xml:95:13-98:29
214                <action android:name="android.intent.action.DEVICE_STORAGE_LOW" />
214-->[androidx.work:work-runtime:2.7.1] AndroidManifest.xml:96:17-83
214-->[androidx.work:work-runtime:2.7.1] AndroidManifest.xml:96:25-80
215                <action android:name="android.intent.action.DEVICE_STORAGE_OK" />
215-->[androidx.work:work-runtime:2.7.1] AndroidManifest.xml:97:17-82
215-->[androidx.work:work-runtime:2.7.1] AndroidManifest.xml:97:25-79
216            </intent-filter>
217        </receiver>
218        <receiver
218-->[androidx.work:work-runtime:2.7.1] AndroidManifest.xml:100:9-109:20
219            android:name="androidx.work.impl.background.systemalarm.ConstraintProxy$NetworkStateProxy"
219-->[androidx.work:work-runtime:2.7.1] AndroidManifest.xml:101:13-103
220            android:directBootAware="false"
220-->[androidx.work:work-runtime:2.7.1] AndroidManifest.xml:102:13-44
221            android:enabled="false"
221-->[androidx.work:work-runtime:2.7.1] AndroidManifest.xml:103:13-36
222            android:exported="false" >
222-->[androidx.work:work-runtime:2.7.1] AndroidManifest.xml:104:13-37
223            <intent-filter>
223-->[androidx.work:work-runtime:2.7.1] AndroidManifest.xml:106:13-108:29
224                <action android:name="android.net.conn.CONNECTIVITY_CHANGE" />
224-->[androidx.work:work-runtime:2.7.1] AndroidManifest.xml:107:17-79
224-->[androidx.work:work-runtime:2.7.1] AndroidManifest.xml:107:25-76
225            </intent-filter>
226        </receiver>
227        <receiver
227-->[androidx.work:work-runtime:2.7.1] AndroidManifest.xml:110:9-121:20
228            android:name="androidx.work.impl.background.systemalarm.RescheduleReceiver"
228-->[androidx.work:work-runtime:2.7.1] AndroidManifest.xml:111:13-88
229            android:directBootAware="false"
229-->[androidx.work:work-runtime:2.7.1] AndroidManifest.xml:112:13-44
230            android:enabled="false"
230-->[androidx.work:work-runtime:2.7.1] AndroidManifest.xml:113:13-36
231            android:exported="false" >
231-->[androidx.work:work-runtime:2.7.1] AndroidManifest.xml:114:13-37
232            <intent-filter>
232-->[androidx.work:work-runtime:2.7.1] AndroidManifest.xml:116:13-120:29
233                <action android:name="android.intent.action.BOOT_COMPLETED" />
233-->[androidx.work:work-runtime:2.7.1] AndroidManifest.xml:117:17-79
233-->[androidx.work:work-runtime:2.7.1] AndroidManifest.xml:117:25-76
234                <action android:name="android.intent.action.TIME_SET" />
234-->[androidx.work:work-runtime:2.7.1] AndroidManifest.xml:118:17-73
234-->[androidx.work:work-runtime:2.7.1] AndroidManifest.xml:118:25-70
235                <action android:name="android.intent.action.TIMEZONE_CHANGED" />
235-->[androidx.work:work-runtime:2.7.1] AndroidManifest.xml:119:17-81
235-->[androidx.work:work-runtime:2.7.1] AndroidManifest.xml:119:25-78
236            </intent-filter>
237        </receiver>
238        <receiver
238-->[androidx.work:work-runtime:2.7.1] AndroidManifest.xml:122:9-131:20
239            android:name="androidx.work.impl.background.systemalarm.ConstraintProxyUpdateReceiver"
239-->[androidx.work:work-runtime:2.7.1] AndroidManifest.xml:123:13-99
240            android:directBootAware="false"
240-->[androidx.work:work-runtime:2.7.1] AndroidManifest.xml:124:13-44
241            android:enabled="@bool/enable_system_alarm_service_default"
241-->[androidx.work:work-runtime:2.7.1] AndroidManifest.xml:125:13-72
242            android:exported="false" >
242-->[androidx.work:work-runtime:2.7.1] AndroidManifest.xml:126:13-37
243            <intent-filter>
243-->[androidx.work:work-runtime:2.7.1] AndroidManifest.xml:128:13-130:29
244                <action android:name="androidx.work.impl.background.systemalarm.UpdateProxies" />
244-->[androidx.work:work-runtime:2.7.1] AndroidManifest.xml:129:17-98
244-->[androidx.work:work-runtime:2.7.1] AndroidManifest.xml:129:25-95
245            </intent-filter>
246        </receiver>
247        <receiver
247-->[androidx.work:work-runtime:2.7.1] AndroidManifest.xml:132:9-142:20
248            android:name="androidx.work.impl.diagnostics.DiagnosticsReceiver"
248-->[androidx.work:work-runtime:2.7.1] AndroidManifest.xml:133:13-78
249            android:directBootAware="false"
249-->[androidx.work:work-runtime:2.7.1] AndroidManifest.xml:134:13-44
250            android:enabled="true"
250-->[androidx.work:work-runtime:2.7.1] AndroidManifest.xml:135:13-35
251            android:exported="true"
251-->[androidx.work:work-runtime:2.7.1] AndroidManifest.xml:136:13-36
252            android:permission="android.permission.DUMP" >
252-->[androidx.work:work-runtime:2.7.1] AndroidManifest.xml:137:13-57
253            <intent-filter>
253-->[androidx.work:work-runtime:2.7.1] AndroidManifest.xml:139:13-141:29
254                <action android:name="androidx.work.diagnostics.REQUEST_DIAGNOSTICS" />
254-->[androidx.work:work-runtime:2.7.1] AndroidManifest.xml:140:17-88
254-->[androidx.work:work-runtime:2.7.1] AndroidManifest.xml:140:25-85
255            </intent-filter>
256        </receiver>
257
258        <uses-library
258-->[androidx.window:window:1.0.0-beta04] AndroidManifest.xml:25:9-27:40
259            android:name="androidx.window.extensions"
259-->[androidx.window:window:1.0.0-beta04] AndroidManifest.xml:26:13-54
260            android:required="false" />
260-->[androidx.window:window:1.0.0-beta04] AndroidManifest.xml:27:13-37
261        <uses-library
261-->[androidx.window:window:1.0.0-beta04] AndroidManifest.xml:28:9-30:40
262            android:name="androidx.window.sidecar"
262-->[androidx.window:window:1.0.0-beta04] AndroidManifest.xml:29:13-51
263            android:required="false" />
263-->[androidx.window:window:1.0.0-beta04] AndroidManifest.xml:30:13-37
264
265        <receiver
265-->[androidx.profileinstaller:profileinstaller:1.3.0] AndroidManifest.xml:34:9-52:20
266            android:name="androidx.profileinstaller.ProfileInstallReceiver"
266-->[androidx.profileinstaller:profileinstaller:1.3.0] AndroidManifest.xml:35:13-76
267            android:directBootAware="false"
267-->[androidx.profileinstaller:profileinstaller:1.3.0] AndroidManifest.xml:36:13-44
268            android:enabled="true"
268-->[androidx.profileinstaller:profileinstaller:1.3.0] AndroidManifest.xml:37:13-35
269            android:exported="true"
269-->[androidx.profileinstaller:profileinstaller:1.3.0] AndroidManifest.xml:38:13-36
270            android:permission="android.permission.DUMP" >
270-->[androidx.profileinstaller:profileinstaller:1.3.0] AndroidManifest.xml:39:13-57
271            <intent-filter>
271-->[androidx.profileinstaller:profileinstaller:1.3.0] AndroidManifest.xml:40:13-42:29
272                <action android:name="androidx.profileinstaller.action.INSTALL_PROFILE" />
272-->[androidx.profileinstaller:profileinstaller:1.3.0] AndroidManifest.xml:41:17-91
272-->[androidx.profileinstaller:profileinstaller:1.3.0] AndroidManifest.xml:41:25-88
273            </intent-filter>
274            <intent-filter>
274-->[androidx.profileinstaller:profileinstaller:1.3.0] AndroidManifest.xml:43:13-45:29
275                <action android:name="androidx.profileinstaller.action.SKIP_FILE" />
275-->[androidx.profileinstaller:profileinstaller:1.3.0] AndroidManifest.xml:44:17-85
275-->[androidx.profileinstaller:profileinstaller:1.3.0] AndroidManifest.xml:44:25-82
276            </intent-filter>
277            <intent-filter>
277-->[androidx.profileinstaller:profileinstaller:1.3.0] AndroidManifest.xml:46:13-48:29
278                <action android:name="androidx.profileinstaller.action.SAVE_PROFILE" />
278-->[androidx.profileinstaller:profileinstaller:1.3.0] AndroidManifest.xml:47:17-88
278-->[androidx.profileinstaller:profileinstaller:1.3.0] AndroidManifest.xml:47:25-85
279            </intent-filter>
280            <intent-filter>
280-->[androidx.profileinstaller:profileinstaller:1.3.0] AndroidManifest.xml:49:13-51:29
281                <action android:name="androidx.profileinstaller.action.BENCHMARK_OPERATION" />
281-->[androidx.profileinstaller:profileinstaller:1.3.0] AndroidManifest.xml:50:17-95
281-->[androidx.profileinstaller:profileinstaller:1.3.0] AndroidManifest.xml:50:25-92
282            </intent-filter>
283        </receiver>
284
285        <service
285-->[androidx.room:room-runtime:2.2.5] AndroidManifest.xml:25:9-28:40
286            android:name="androidx.room.MultiInstanceInvalidationService"
286-->[androidx.room:room-runtime:2.2.5] AndroidManifest.xml:26:13-74
287            android:directBootAware="true"
287-->[androidx.room:room-runtime:2.2.5] AndroidManifest.xml:27:13-43
288            android:exported="false" />
288-->[androidx.room:room-runtime:2.2.5] AndroidManifest.xml:28:13-37
289    </application>
290
291</manifest>